<?xml version="1.0" encoding="UTF-8"?>
<!-- Generated by org.testng.reporters.JUnitReportReporter -->
<testsuite hostname="Shewlee" failures="0" tests="1" name="learnTestNG.OpenChromeBrowser" time="4.304" errors="0" timestamp="2023-03-03T19:33:32 EST" skipped="0">
  <testcase classname="learnTestNG.OpenChromeBrowser" name="openChromeBrower" time="4.304"/>
  <system-out/>
</testsuite> <!-- learnTestNG.OpenChromeBrowser -->
