<?xml version="1.0" encoding="UTF-8"?>
<!-- Generated by org.testng.reporters.JUnitReportReporter -->
<testsuite hostname="Shewlee" failures="0" tests="1" name="seleniumDemo.OpenChromeBrowser" time="2.769" errors="0" timestamp="2023-03-01T00:34:44 EST" skipped="0">
  <testcase classname="seleniumDemo.OpenChromeBrowser" name="openChromeBrower" time="2.769"/>
  <system-out/>
</testsuite> <!-- seleniumDemo.OpenChromeBrowser -->
